<?xml version="1.0" encoding="UTF-8"?>
<!-- Generated by org.testng.reporters.JUnitXMLReporter -->
<testsuite ignored="11" hostname="vaibhav" failures="0" tests="1" name="Default test" time="7.159" errors="0" timestamp="2023-09-18T09:46:07 IST">
  <testcase classname="api.com.test.ApitestScripts" name="postAutoExtFilebypojoclass" time="7.049"/>
  <testcase classname="api.com.test.ApitestScripts" name="valdiateResponseBodyGetOAuth1" time="0.0">
    <ignored/>
  </testcase> <!-- valdiateResponseBodyGetOAuth1 -->
  <testcase classname="api.com.test.ApitestScripts" name="valdiateResponseBodyGetuserss" time="0.0">
    <ignored/>
  </testcase> <!-- valdiateResponseBodyGetuserss -->
  <testcase classname="api.com.test.ApitestScripts" name="valdiateResponseBodyGetHeader" time="0.0">
    <ignored/>
  </testcase> <!-- valdiateResponseBodyGetHeader -->
  <testcase classname="api.com.test.ApitestScripts" name="valdiateResponseBodyGetuser" time="0.0">
    <ignored/>
  </testcase> <!-- valdiateResponseBodyGetuser -->
  <testcase classname="api.com.test.ApitestScripts" name="valdiateResponseBodyGetOAuth2Authknw" time="0.0">
    <ignored/>
  </testcase> <!-- valdiateResponseBodyGetOAuth2Authknw -->
  <testcase classname="api.com.test.ApitestScripts" name="valdiateResponseBodyGetDigestAuth" time="0.0">
    <ignored/>
  </testcase> <!-- valdiateResponseBodyGetDigestAuth -->
  <testcase classname="api.com.test.ApitestScripts" name="valdiateResponseBodyGetPathParams" time="0.0">
    <ignored/>
  </testcase> <!-- valdiateResponseBodyGetPathParams -->
  <testcase classname="api.com.test.ApitestScripts" name="valdiateStatusCodeGetusers" time="0.0">
    <ignored/>
  </testcase> <!-- valdiateStatusCodeGetusers -->
  <testcase classname="api.com.test.ApitestScripts" name="postAutoExtFile" time="0.0">
    <ignored/>
  </testcase> <!-- postAutoExtFile -->
  <testcase classname="api.com.test.ApitestScripts" name="valdiateResponseBodyGetBasicAuth" time="0.0">
    <ignored/>
  </testcase> <!-- valdiateResponseBodyGetBasicAuth -->
  <testcase classname="api.com.test.ApitestScripts" name="valdiateResponseBodyGetOAuth2Auth" time="0.0">
    <ignored/>
  </testcase> <!-- valdiateResponseBodyGetOAuth2Auth -->
</testsuite> <!-- Default test -->
