<?xml version="1.0" encoding="UTF-8"?>
<testng-results ignored="11" total="12" passed="1" failed="0" skipped="0">
  <reporter-output>
  </reporter-output>
  <suite started-at="2023-09-18T09:46:00 IST" name="Default suite" finished-at="2023-09-18T09:46:07 IST" duration-ms="7159">
    <groups>
    </groups>
    <test started-at="2023-09-18T09:46:00 IST" name="Default test" finished-at="2023-09-18T09:46:07 IST" duration-ms="7159">
      <class name="api.com.test.ApitestScripts">
        <test-method signature="postAutoExtFilebypojoclass()[pri:0, instance:api.com.test.ApitestScripts@6a6afff2]" started-at="2023-09-18T09:46:00 IST" name="postAutoExtFilebypojoclass" description="Automate post method for the users" finished-at="2023-09-18T09:46:07 IST" duration-ms="7049" status="PASS">
          <reporter-output>
          </reporter-output>
        </test-method> <!-- postAutoExtFilebypojoclass -->
      </class> <!-- api.com.test.ApitestScripts -->
    </test> <!-- Default test -->
  </suite> <!-- Default suite -->
</testng-results>
